============================= test session starts =============================
platform win32 -- Python 3.13.12, pytest-8.3.5, pluggy-1.5.0 -- C:\Users\Asus\miniconda3\python.exe
cachedir: .pytest_cache
rootdir: C:\Users\Asus\Downloads\VinAI\Lab24-Track2\Day24-Track02-Lab-Assignment\medviet-governance
plugins: anyio-4.10.0, Faker-37.12.0, hydra-core-1.3.2, langsmith-0.7.33
collecting ... collected 6 items

tests/test_pii.py::TestPIIDetection::test_cccd_detected PASSED           [ 16%]
tests/test_pii.py::TestPIIDetection::test_phone_detected PASSED          [ 33%]
tests/test_pii.py::TestPIIDetection::test_email_detected PASSED          [ 50%]
tests/test_pii.py::TestPIIDetection::test_detection_rate_above_95_percent PASSED [ 66%]
tests/test_pii.py::TestAnonymization::test_pii_not_in_output PASSED      [ 83%]
tests/test_pii.py::TestAnonymization::test_non_pii_columns_unchanged PASSED [100%]

============================== warnings summary ===============================
tests/test_pii.py::TestPIIDetection::test_cccd_detected
tests/test_pii.py::TestPIIDetection::test_phone_detected
tests/test_pii.py::TestPIIDetection::test_email_detected
tests/test_pii.py::TestPIIDetection::test_detection_rate_above_95_percent
tests/test_pii.py::TestAnonymization::test_pii_not_in_output
tests/test_pii.py::TestAnonymization::test_non_pii_columns_unchanged
  C:\Users\Asus\miniconda3\Lib\site-packages\spacy\util.py:971: UserWarning: [W095] Model 'vi_core_news_lg' (3.6.0) was trained with spaCy v3.6.0 and may not be 100% compatible with the current version (3.8.14). If you see errors or degraded performance, download a newer compatible model or retrain your custom model with the current spaCy version. For more details and available updates, run: python -m spacy validate
    warnings.warn(warn_msg)

tests/test_pii.py::TestPIIDetection::test_cccd_detected
  C:\Users\Asus\miniconda3\Lib\site-packages\pyvi\ViTokenizer.py:24: VisibleDeprecationWarning: dtype(): align should be passed as Python or NumPy boolean but got `align=0`. Did you mean to pass a tuple to create a subarray type? (Deprecated NumPy 2.4)
    model = pickle.load(fin)

-- Docs: https://docs.pytest.org/en/stable/how-to/capture-warnings.html
======================= 6 passed, 7 warnings in 15.18s ========================
